Determining if the function log exists failed with the following output:
Change Dir: /home/nick/Documents/OpenSource/CMakeFiles/CMakeTmp

Run Build Command:/usr/bin/make "cmTryCompileExec242053529/fast"
/usr/bin/make -f CMakeFiles/cmTryCompileExec242053529.dir/build.make CMakeFiles/cmTryCompileExec242053529.dir/build
make[1]: Entering directory `/home/nick/Documents/OpenSource/CMakeFiles/CMakeTmp'
/usr/bin/cmake -E cmake_progress_report /home/nick/Documents/OpenSource/CMakeFiles/CMakeTmp/CMakeFiles 1
Building C object CMakeFiles/cmTryCompileExec242053529.dir/CheckFunctionExists.c.o
/usr/bin/cc   -DCHECK_FUNCTION_EXISTS=log   -o CMakeFiles/cmTryCompileExec242053529.dir/CheckFunctionExists.c.o   -c /usr/share/cmake-2.8/Modules/CheckFunctionExists.c
<command-line>:0:23: warning: conflicting types for built-in function ‘log’ [enabled by default]
/usr/share/cmake-2.8/Modules/CheckFunctionExists.c:3:6: note: in expansion of macro ‘CHECK_FUNCTION_EXISTS’
 char CHECK_FUNCTION_EXISTS();
      ^
Linking C executable cmTryCompileExec242053529
/usr/bin/cmake -E cmake_link_script CMakeFiles/cmTryCompileExec242053529.dir/link.txt --verbose=1
/usr/bin/cc   -DCHECK_FUNCTION_EXISTS=log    CMakeFiles/cmTryCompileExec242053529.dir/CheckFunctionExists.c.o  -o cmTryCompileExec242053529 -rdynamic 
CMakeFiles/cmTryCompileExec242053529.dir/CheckFunctionExists.c.o: In function `main':
CheckFunctionExists.c:(.text+0x15): undefined reference to `log'
collect2: error: ld returned 1 exit status
make[1]: *** [cmTryCompileExec242053529] Error 1
make[1]: Leaving directory `/home/nick/Documents/OpenSource/CMakeFiles/CMakeTmp'
make: *** [cmTryCompileExec242053529/fast] Error 2


Determining if the function exp exists failed with the following output:
Change Dir: /home/nick/Documents/OpenSource/CMakeFiles/CMakeTmp

Run Build Command:/usr/bin/make "cmTryCompileExec2994213949/fast"
/usr/bin/make -f CMakeFiles/cmTryCompileExec2994213949.dir/build.make CMakeFiles/cmTryCompileExec2994213949.dir/build
make[1]: Entering directory `/home/nick/Documents/OpenSource/CMakeFiles/CMakeTmp'
/usr/bin/cmake -E cmake_progress_report /home/nick/Documents/OpenSource/CMakeFiles/CMakeTmp/CMakeFiles 1
Building C object CMakeFiles/cmTryCompileExec2994213949.dir/CheckFunctionExists.c.o
/usr/bin/cc   -DCHECK_FUNCTION_EXISTS=exp   -o CMakeFiles/cmTryCompileExec2994213949.dir/CheckFunctionExists.c.o   -c /usr/share/cmake-2.8/Modules/CheckFunctionExists.c
<command-line>:0:23: warning: conflicting types for built-in function ‘exp’ [enabled by default]
/usr/share/cmake-2.8/Modules/CheckFunctionExists.c:3:6: note: in expansion of macro ‘CHECK_FUNCTION_EXISTS’
 char CHECK_FUNCTION_EXISTS();
      ^
Linking C executable cmTryCompileExec2994213949
/usr/bin/cmake -E cmake_link_script CMakeFiles/cmTryCompileExec2994213949.dir/link.txt --verbose=1
/usr/bin/cc   -DCHECK_FUNCTION_EXISTS=exp    CMakeFiles/cmTryCompileExec2994213949.dir/CheckFunctionExists.c.o  -o cmTryCompileExec2994213949 -rdynamic 
CMakeFiles/cmTryCompileExec2994213949.dir/CheckFunctionExists.c.o: In function `main':
CheckFunctionExists.c:(.text+0x15): undefined reference to `exp'
collect2: error: ld returned 1 exit status
make[1]: *** [cmTryCompileExec2994213949] Error 1
make[1]: Leaving directory `/home/nick/Documents/OpenSource/CMakeFiles/CMakeTmp'
make: *** [cmTryCompileExec2994213949/fast] Error 2


